# JRE version: OpenJDK Runtime Environment (8.0_76-b01) (build 1.8.0_76-release-b01)
# Java VM: OpenJDK 64-Bit Server VM (25.76-b01 mixed mode linux-amd64 compressed oops)
Heap:
 PSYoungGen      total 243200K, used 33940K [0x00000000eab00000, 0x0000000100000000, 0x0000000100000000)
  eden space 163840K, 0% used [0x00000000eab00000,0x00000000eab00000,0x00000000f4b00000)
  from space 79360K, 42% used [0x00000000fb280000,0x00000000fd3a52b0,0x0000000100000000)
  to   space 92672K, 0% used [0x00000000f4b00000,0x00000000f4b00000,0x00000000fa580000)
 ParOldGen       total 280064K, used 280018K [0x00000000c0000000, 0x00000000d1180000, 0x00000000eab00000)
  object space 280064K, 99% used [0x00000000c0000000,0x00000000d1174960,0x00000000d1180000)
 Metaspace       used 6542K, capacity 7280K, committed 7552K, reserved 1056768K
  class space    used 594K, capacity 616K, committed 640K, reserved 1048576K
GC Heap History (10 events):
Event: 6.302 GC heap after
Heap after GC invocations=15 (full 2):
 PSYoungGen      total 260608K, used 29814K [0x00000000eab00000, 0x0000000100000000, 0x0000000100000000)
  eden space 199680K, 0% used [0x00000000eab00000,0x00000000eab00000,0x00000000f6e00000)
  from space 60928K, 48% used [0x00000000fc480000,0x00000000fe19dbf0,0x0000000100000000)
  to   space 74752K, 0% used [0x00000000f6e00000,0x00000000f6e00000,0x00000000fb700000)
 ParOldGen       total 280064K, used 178120K [0x00000000c0000000, 0x00000000d1180000, 0x00000000eab00000)
  object space 280064K, 63% used [0x00000000c0000000,0x00000000cadf2230,0x00000000d1180000)
 Metaspace       used 6514K, capacity 7280K, committed 7552K, reserved 1056768K
  class space    used 593K, capacity 616K, committed 640K, reserved 1048576K
}
Event: 6.727 GC heap before
{Heap before GC invocations=16 (full 2):
 PSYoungGen      total 260608K, used 229494K [0x00000000eab00000, 0x0000000100000000, 0x0000000100000000)
  eden space 199680K, 100% used [0x00000000eab00000,0x00000000f6e00000,0x00000000f6e00000)
  from space 60928K, 48% used [0x00000000fc480000,0x00000000fe19dbf0,0x0000000100000000)
  to   space 74752K, 0% used [0x00000000f6e00000,0x00000000f6e00000,0x00000000fb700000)
 ParOldGen       total 280064K, used 178120K [0x00000000c0000000, 0x00000000d1180000, 0x00000000eab00000)
  object space 280064K, 63% used [0x00000000c0000000,0x00000000cadf2230,0x00000000d1180000)
 Metaspace       used 6526K, capacity 7280K, committed 7552K, reserved 1056768K
  class space    used 593K, capacity 616K, committed 640K, reserved 1048576K
Event: 6.849 GC heap after
Heap after GC invocations=16 (full 2):
 PSYoungGen      total 274432K, used 32070K [0x00000000eab00000, 0x0000000100000000, 0x0000000100000000)
  eden space 199680K, 0% used [0x00000000eab00000,0x00000000eab00000,0x00000000f6e00000)
  from space 74752K, 42% used [0x00000000f6e00000,0x00000000f8d51a20,0x00000000fb700000)
  to   space 71168K, 0% used [0x00000000fba80000,0x00000000fba80000,0x0000000100000000)
 ParOldGen       total 280064K, used 206496K [0x00000000c0000000, 0x00000000d1180000, 0x00000000eab00000)
  object space 280064K, 73% used [0x00000000c0000000,0x00000000cc9a83c8,0x00000000d1180000)
 Metaspace       used 6526K, capacity 7280K, committed 7552K, reserved 1056768K
  class space    used 593K, capacity 616K, committed 640K, reserved 1048576K
}
Event: 7.483 GC heap before
{Heap before GC invocations=17 (full 2):
 PSYoungGen      total 274432K, used 231750K [0x00000000eab00000, 0x0000000100000000, 0x0000000100000000)
  eden space 199680K, 100% used [0x00000000eab00000,0x00000000f6e00000,0x00000000f6e00000)
  from space 74752K, 42% used [0x00000000f6e00000,0x00000000f8d51a20,0x00000000fb700000)
  to   space 71168K, 0% used [0x00000000fba80000,0x00000000fba80000,0x0000000100000000)
 ParOldGen       total 280064K, used 206496K [0x00000000c0000000, 0x00000000d1180000, 0x00000000eab00000)
  object space 280064K, 73% used [0x00000000c0000000,0x00000000cc9a83c8,0x00000000d1180000)
 Metaspace       used 6539K, capacity 7280K, committed 7552K, reserved 1056768K
  class space    used 594K, capacity 616K, committed 640K, reserved 1048576K
Event: 7.535 GC heap after
Heap after GC invocations=17 (full 2):
 PSYoungGen      total 261632K, used 62233K [0x00000000eab00000, 0x0000000100000000, 0x0000000100000000)
  eden space 190464K, 0% used [0x00000000eab00000,0x00000000eab00000,0x00000000f6500000)
  from space 71168K, 87% used [0x00000000fba80000,0x00000000ff746500,0x0000000100000000)
  to   space 79360K, 0% used [0x00000000f6500000,0x00000000f6500000,0x00000000fb280000)
 ParOldGen       total 280064K, used 206496K [0x00000000c0000000, 0x00000000d1180000, 0x00000000eab00000)
  object space 280064K, 73% used [0x00000000c0000000,0x00000000cc9a83c8,0x00000000d1180000)
 Metaspace       used 6539K, capacity 7280K, committed 7552K, reserved 1056768K
  class space    used 594K, capacity 616K, committed 640K, reserved 1048576K
}
Event: 7.851 GC heap before
{Heap before GC invocations=18 (full 2):
 PSYoungGen      total 261632K, used 252697K [0x00000000eab00000, 0x0000000100000000, 0x0000000100000000)
  eden space 190464K, 100% used [0x00000000eab00000,0x00000000f6500000,0x00000000f6500000)
  from space 71168K, 87% used [0x00000000fba80000,0x00000000ff746500,0x0000000100000000)
  to   space 79360K, 0% used [0x00000000f6500000,0x00000000f6500000,0x00000000fb280000)
 ParOldGen       total 280064K, used 206496K [0x00000000c0000000, 0x00000000d1180000, 0x00000000eab00000)
  object space 280064K, 73% used [0x00000000c0000000,0x00000000cc9a83c8,0x00000000d1180000)
 Metaspace       used 6542K, capacity 7280K, committed 7552K, reserved 1056768K
  class space    used 594K, capacity 616K, committed 640K, reserved 1048576K
Event: 7.932 GC heap after
Heap after GC invocations=18 (full 2):
 PSYoungGen      total 269824K, used 79339K [0x00000000eab00000, 0x0000000100000000, 0x0000000100000000)
  eden space 190464K, 0% used [0x00000000eab00000,0x00000000eab00000,0x00000000f6500000)
  from space 79360K, 99% used [0x00000000f6500000,0x00000000fb27ac48,0x00000000fb280000)
  to   space 79360K, 0% used [0x00000000fb280000,0x00000000fb280000,0x0000000100000000)
 ParOldGen       total 280064K, used 216840K [0x00000000c0000000, 0x00000000d1180000, 0x00000000eab00000)
  object space 280064K, 77% used [0x00000000c0000000,0x00000000cd3c22e0,0x00000000d1180000)
 Metaspace       used 6542K, capacity 7280K, committed 7552K, reserved 1056768K
  class space    used 594K, capacity 616K, committed 640K, reserved 1048576K
}
Event: 8.245 GC heap before
{Heap before GC invocations=19 (full 2):
 PSYoungGen      total 269824K, used 269803K [0x00000000eab00000, 0x0000000100000000, 0x0000000100000000)
  eden space 190464K, 100% used [0x00000000eab00000,0x00000000f6500000,0x00000000f6500000)
  from space 79360K, 99% used [0x00000000f6500000,0x00000000fb27ac48,0x00000000fb280000)
  to   space 79360K, 0% used [0x00000000fb280000,0x00000000fb280000,0x0000000100000000)
 ParOldGen       total 280064K, used 216840K [0x00000000c0000000, 0x00000000d1180000, 0x00000000eab00000)
  object space 280064K, 77% used [0x00000000c0000000,0x00000000cd3c22e0,0x00000000d1180000)
 Metaspace       used 6542K, capacity 7280K, committed 7552K, reserved 1056768K
  class space    used 594K, capacity 616K, committed 640K, reserved 1048576K
Event: 10.200 GC heap after
Heap after GC invocations=19 (full 2):
 PSYoungGen      total 243200K, used 43425K [0x00000000eab00000, 0x0000000100000000, 0x0000000100000000)
  eden space 163840K, 0% used [0x00000000eab00000,0x00000000eab00000,0x00000000f4b00000)
  from space 79360K, 54% used [0x00000000fb280000,0x00000000fdce8478,0x0000000100000000)
  to   space 92672K, 0% used [0x00000000f4b00000,0x00000000f4b00000,0x00000000fa580000)
 ParOldGen       total 280064K, used 275411K [0x00000000c0000000, 0x00000000d1180000, 0x00000000eab00000)
  object space 280064K, 98% used [0x00000000c0000000,0x00000000d0cf4dd0,0x00000000d1180000)
 Metaspace       used 6542K, capacity 7280K, committed 7552K, reserved 1056768K
  class space    used 594K, capacity 616K, committed 640K, reserved 1048576K
}
Event: 10.352 GC heap before
{Heap before GC invocations=20 (full 3):
 PSYoungGen      total 243200K, used 43425K [0x00000000eab00000, 0x0000000100000000, 0x0000000100000000)
  eden space 163840K, 0% used [0x00000000eab00000,0x00000000eab00000,0x00000000f4b00000)
  from space 79360K, 54% used [0x00000000fb280000,0x00000000fdce8478,0x0000000100000000)
  to   space 92672K, 0% used [0x00000000f4b00000,0x00000000f4b00000,0x00000000fa580000)
 ParOldGen       total 280064K, used 275411K [0x00000000c0000000, 0x00000000d1180000, 0x00000000eab00000)
  object space 280064K, 98% used [0x00000000c0000000,0x00000000d0cf4dd0,0x00000000d1180000)
 Metaspace       used 6542K, capacity 7280K, committed 7552K, reserved 1056768K
  class space    used 594K, capacity 616K, committed 640K, reserved 1048576K

