# JRE version: OpenJDK Runtime Environment (8.0_76-b01) (build 1.8.0_76-release-b01)
# Java VM: OpenJDK 64-Bit Server VM (25.76-b01 mixed mode linux-amd64 compressed oops)
Heap:
 PSYoungGen      total 228352K, used 41806K [0x00000000eab00000, 0x0000000100000000, 0x0000000100000000)
  eden space 175104K, 0% used [0x00000000eab00000,0x00000000eab00000,0x00000000f5600000)
  from space 53248K, 78% used [0x00000000f5600000,0x00000000f7ed3b98,0x00000000f8a00000)
  to   space 89088K, 0% used [0x00000000fa900000,0x00000000fa900000,0x0000000100000000)
 ParOldGen       total 155136K, used 154900K [0x00000000c0000000, 0x00000000c9780000, 0x00000000eab00000)
  object space 155136K, 99% used [0x00000000c0000000,0x00000000c97453d0,0x00000000c9780000)
 Metaspace       used 6495K, capacity 7280K, committed 7552K, reserved 1056768K
  class space    used 594K, capacity 616K, committed 640K, reserved 1048576K
GC Heap History (10 events):
Event: 3.008 GC heap after
Heap after GC invocations=8 (full 0):
 PSYoungGen      total 274944K, used 49644K [0x00000000eab00000, 0x0000000100000000, 0x0000000100000000)
  eden space 225280K, 0% used [0x00000000eab00000,0x00000000eab00000,0x00000000f8700000)
  from space 49664K, 99% used [0x00000000fcf80000,0x00000000ffffb2e0,0x0000000100000000)
  to   space 61952K, 0% used [0x00000000f8700000,0x00000000f8700000,0x00000000fc380000)
 ParOldGen       total 84992K, used 63906K [0x00000000c0000000, 0x00000000c5300000, 0x00000000eab00000)
  object space 84992K, 75% used [0x00000000c0000000,0x00000000c3e68b98,0x00000000c5300000)
 Metaspace       used 6456K, capacity 7216K, committed 7296K, reserved 1056768K
  class space    used 594K, capacity 616K, committed 640K, reserved 1048576K
}
Event: 3.008 GC heap before
{Heap before GC invocations=9 (full 1):
 PSYoungGen      total 274944K, used 49644K [0x00000000eab00000, 0x0000000100000000, 0x0000000100000000)
  eden space 225280K, 0% used [0x00000000eab00000,0x00000000eab00000,0x00000000f8700000)
  from space 49664K, 99% used [0x00000000fcf80000,0x00000000ffffb2e0,0x0000000100000000)
  to   space 61952K, 0% used [0x00000000f8700000,0x00000000f8700000,0x00000000fc380000)
 ParOldGen       total 84992K, used 63906K [0x00000000c0000000, 0x00000000c5300000, 0x00000000eab00000)
  object space 84992K, 75% used [0x00000000c0000000,0x00000000c3e68b98,0x00000000c5300000)
 Metaspace       used 6456K, capacity 7216K, committed 7296K, reserved 1056768K
  class space    used 594K, capacity 616K, committed 640K, reserved 1048576K
Event: 3.386 GC heap after
Heap after GC invocations=9 (full 1):
 PSYoungGen      total 274944K, used 23376K [0x00000000eab00000, 0x0000000100000000, 0x0000000100000000)
  eden space 225280K, 0% used [0x00000000eab00000,0x00000000eab00000,0x00000000f8700000)
  from space 49664K, 47% used [0x00000000fcf80000,0x00000000fe6541f8,0x0000000100000000)
  to   space 61952K, 0% used [0x00000000f8700000,0x00000000f8700000,0x00000000fc380000)
 ParOldGen       total 155136K, used 84743K [0x00000000c0000000, 0x00000000c9780000, 0x00000000eab00000)
  object space 155136K, 54% used [0x00000000c0000000,0x00000000c52c1d20,0x00000000c9780000)
 Metaspace       used 6456K, capacity 7216K, committed 7296K, reserved 1056768K
  class space    used 594K, capacity 616K, committed 640K, reserved 1048576K
}
Event: 3.997 GC heap before
{Heap before GC invocations=10 (full 1):
 PSYoungGen      total 274944K, used 248656K [0x00000000eab00000, 0x0000000100000000, 0x0000000100000000)
  eden space 225280K, 100% used [0x00000000eab00000,0x00000000f8700000,0x00000000f8700000)
  from space 49664K, 47% used [0x00000000fcf80000,0x00000000fe6541f8,0x0000000100000000)
  to   space 61952K, 0% used [0x00000000f8700000,0x00000000f8700000,0x00000000fc380000)
 ParOldGen       total 155136K, used 84743K [0x00000000c0000000, 0x00000000c9780000, 0x00000000eab00000)
  object space 155136K, 54% used [0x00000000c0000000,0x00000000c52c1d20,0x00000000c9780000)
 Metaspace       used 6485K, capacity 7216K, committed 7296K, reserved 1056768K
  class space    used 594K, capacity 616K, committed 640K, reserved 1048576K
Event: 4.066 GC heap after
Heap after GC invocations=10 (full 1):
 PSYoungGen      total 278016K, used 52576K [0x00000000eab00000, 0x0000000100000000, 0x0000000100000000)
  eden space 225280K, 0% used [0x00000000eab00000,0x00000000eab00000,0x00000000f8700000)
  from space 52736K, 99% used [0x00000000f8700000,0x00000000fba58330,0x00000000fba80000)
  to   space 69632K, 0% used [0x00000000fbc00000,0x00000000fbc00000,0x0000000100000000)
 ParOldGen       total 155136K, used 91448K [0x00000000c0000000, 0x00000000c9780000, 0x00000000eab00000)
  object space 155136K, 58% used [0x00000000c0000000,0x00000000c594e0c0,0x00000000c9780000)
 Metaspace       used 6485K, capacity 7216K, committed 7296K, reserved 1056768K
  class space    used 594K, capacity 616K, committed 640K, reserved 1048576K
}
Event: 4.564 GC heap before
{Heap before GC invocations=11 (full 1):
 PSYoungGen      total 278016K, used 277856K [0x00000000eab00000, 0x0000000100000000, 0x0000000100000000)
  eden space 225280K, 100% used [0x00000000eab00000,0x00000000f8700000,0x00000000f8700000)
  from space 52736K, 99% used [0x00000000f8700000,0x00000000fba58330,0x00000000fba80000)
  to   space 69632K, 0% used [0x00000000fbc00000,0x00000000fbc00000,0x0000000100000000)
 ParOldGen       total 155136K, used 91448K [0x00000000c0000000, 0x00000000c9780000, 0x00000000eab00000)
  object space 155136K, 58% used [0x00000000c0000000,0x00000000c594e0c0,0x00000000c9780000)
 Metaspace       used 6490K, capacity 7280K, committed 7552K, reserved 1056768K
  class space    used 594K, capacity 616K, committed 640K, reserved 1048576K
Event: 4.644 GC heap after
Heap after GC invocations=11 (full 1):
 PSYoungGen      total 244736K, used 69615K [0x00000000eab00000, 0x0000000100000000, 0x0000000100000000)
  eden space 175104K, 0% used [0x00000000eab00000,0x00000000eab00000,0x00000000f5600000)
  from space 69632K, 99% used [0x00000000fbc00000,0x00000000ffffbe40,0x0000000100000000)
  to   space 87040K, 0% used [0x00000000f5600000,0x00000000f5600000,0x00000000fab00000)
 ParOldGen       total 155136K, used 106941K [0x00000000c0000000, 0x00000000c9780000, 0x00000000eab00000)
  object space 155136K, 68% used [0x00000000c0000000,0x00000000c686f638,0x00000000c9780000)
 Metaspace       used 6490K, capacity 7280K, committed 7552K, reserved 1056768K
  class space    used 594K, capacity 616K, committed 640K, reserved 1048576K
}
Event: 4.986 GC heap before
{Heap before GC invocations=12 (full 1):
 PSYoungGen      total 244736K, used 244719K [0x00000000eab00000, 0x0000000100000000, 0x0000000100000000)
  eden space 175104K, 100% used [0x00000000eab00000,0x00000000f5600000,0x00000000f5600000)
  from space 69632K, 99% used [0x00000000fbc00000,0x00000000ffffbe40,0x0000000100000000)
  to   space 87040K, 0% used [0x00000000f5600000,0x00000000f5600000,0x00000000fab00000)
 ParOldGen       total 155136K, used 106941K [0x00000000c0000000, 0x00000000c9780000, 0x00000000eab00000)
  object space 155136K, 68% used [0x00000000c0000000,0x00000000c686f638,0x00000000c9780000)
 Metaspace       used 6495K, capacity 7280K, committed 7552K, reserved 1056768K
  class space    used 594K, capacity 616K, committed 640K, reserved 1048576K
Event: 5.105 GC heap after
Heap after GC invocations=12 (full 1):
 PSYoungGen      total 228352K, used 52866K [0x00000000eab00000, 0x0000000100000000, 0x0000000100000000)
  eden space 175104K, 0% used [0x00000000eab00000,0x00000000eab00000,0x00000000f5600000)
  from space 53248K, 99% used [0x00000000f5600000,0x00000000f89a0990,0x00000000f8a00000)
  to   space 89088K, 0% used [0x00000000fa900000,0x00000000fa900000,0x0000000100000000)
 ParOldGen       total 155136K, used 149004K [0x00000000c0000000, 0x00000000c9780000, 0x00000000eab00000)
  object space 155136K, 96% used [0x00000000c0000000,0x00000000c91832e8,0x00000000c9780000)
 Metaspace       used 6495K, capacity 7280K, committed 7552K, reserved 1056768K
  class space    used 594K, capacity 616K, committed 640K, reserved 1048576K
}
Event: 5.105 GC heap before
{Heap before GC invocations=13 (full 2):
 PSYoungGen      total 228352K, used 52866K [0x00000000eab00000, 0x0000000100000000, 0x0000000100000000)
  eden space 175104K, 0% used [0x00000000eab00000,0x00000000eab00000,0x00000000f5600000)
  from space 53248K, 99% used [0x00000000f5600000,0x00000000f89a0990,0x00000000f8a00000)
  to   space 89088K, 0% used [0x00000000fa900000,0x00000000fa900000,0x0000000100000000)
 ParOldGen       total 155136K, used 149004K [0x00000000c0000000, 0x00000000c9780000, 0x00000000eab00000)
  object space 155136K, 96% used [0x00000000c0000000,0x00000000c91832e8,0x00000000c9780000)
 Metaspace       used 6495K, capacity 7280K, committed 7552K, reserved 1056768K
  class space    used 594K, capacity 616K, committed 640K, reserved 1048576K

