# JRE version: OpenJDK Runtime Environment (8.0_76-b01) (build 1.8.0_76-release-b01)
# Java VM: OpenJDK 64-Bit Server VM (25.76-b01 mixed mode linux-amd64 compressed oops)
Heap:
 PSYoungGen      total 254976K, used 6510K [0x00000000eab00000, 0x0000000100000000, 0x0000000100000000)
  eden space 160768K, 0% used [0x00000000eab00000,0x00000000eab00000,0x00000000f4800000)
  from space 94208K, 6% used [0x00000000f4800000,0x00000000f4e5b9b8,0x00000000fa400000)
  to   space 91648K, 0% used [0x00000000fa680000,0x00000000fa680000,0x0000000100000000)
 ParOldGen       total 306176K, used 305914K [0x00000000c0000000, 0x00000000d2b00000, 0x00000000eab00000)
  object space 306176K, 99% used [0x00000000c0000000,0x00000000d2abe9a8,0x00000000d2b00000)
 Metaspace       used 6535K, capacity 7280K, committed 7552K, reserved 1056768K
  class space    used 594K, capacity 616K, committed 640K, reserved 1048576K
GC Heap History (10 events):
Event: 6.715 GC heap after
Heap after GC invocations=15 (full 2):
 PSYoungGen      total 274944K, used 24748K [0x00000000eab00000, 0x0000000100000000, 0x0000000100000000)
  eden space 200704K, 0% used [0x00000000eab00000,0x00000000eab00000,0x00000000f6f00000)
  from space 74240K, 33% used [0x00000000f6f00000,0x00000000f872b1a0,0x00000000fb780000)
  to   space 69632K, 0% used [0x00000000fbc00000,0x00000000fbc00000,0x0000000100000000)
 ParOldGen       total 306176K, used 182903K [0x00000000c0000000, 0x00000000d2b00000, 0x00000000eab00000)
  object space 306176K, 59% used [0x00000000c0000000,0x00000000cb29de20,0x00000000d2b00000)
 Metaspace       used 6507K, capacity 7280K, committed 7552K, reserved 1056768K
  class space    used 593K, capacity 616K, committed 640K, reserved 1048576K
}
Event: 7.125 GC heap before
{Heap before GC invocations=16 (full 2):
 PSYoungGen      total 274944K, used 225452K [0x00000000eab00000, 0x0000000100000000, 0x0000000100000000)
  eden space 200704K, 100% used [0x00000000eab00000,0x00000000f6f00000,0x00000000f6f00000)
  from space 74240K, 33% used [0x00000000f6f00000,0x00000000f872b1a0,0x00000000fb780000)
  to   space 69632K, 0% used [0x00000000fbc00000,0x00000000fbc00000,0x0000000100000000)
 ParOldGen       total 306176K, used 182903K [0x00000000c0000000, 0x00000000d2b00000, 0x00000000eab00000)
  object space 306176K, 59% used [0x00000000c0000000,0x00000000cb29de20,0x00000000d2b00000)
 Metaspace       used 6518K, capacity 7280K, committed 7552K, reserved 1056768K
  class space    used 593K, capacity 616K, committed 640K, reserved 1048576K
Event: 7.264 GC heap after
Heap after GC invocations=16 (full 2):
 PSYoungGen      total 265216K, used 31256K [0x00000000eab00000, 0x00000000ff680000, 0x0000000100000000)
  eden space 205312K, 0% used [0x00000000eab00000,0x00000000eab00000,0x00000000f7380000)
  from space 59904K, 52% used [0x00000000fbc00000,0x00000000fda861d8,0x00000000ff680000)
  to   space 67072K, 0% used [0x00000000f7380000,0x00000000f7380000,0x00000000fb500000)
 ParOldGen       total 306176K, used 206823K [0x00000000c0000000, 0x00000000d2b00000, 0x00000000eab00000)
  object space 306176K, 67% used [0x00000000c0000000,0x00000000cc9f9c60,0x00000000d2b00000)
 Metaspace       used 6518K, capacity 7280K, committed 7552K, reserved 1056768K
  class space    used 593K, capacity 616K, committed 640K, reserved 1048576K
}
Event: 7.782 GC heap before
{Heap before GC invocations=17 (full 2):
 PSYoungGen      total 265216K, used 236568K [0x00000000eab00000, 0x00000000ff680000, 0x0000000100000000)
  eden space 205312K, 100% used [0x00000000eab00000,0x00000000f7380000,0x00000000f7380000)
  from space 59904K, 52% used [0x00000000fbc00000,0x00000000fda861d8,0x00000000ff680000)
  to   space 67072K, 0% used [0x00000000f7380000,0x00000000f7380000,0x00000000fb500000)
 ParOldGen       total 306176K, used 206823K [0x00000000c0000000, 0x00000000d2b00000, 0x00000000eab00000)
  object space 306176K, 67% used [0x00000000c0000000,0x00000000cc9f9c60,0x00000000d2b00000)
 Metaspace       used 6531K, capacity 7280K, committed 7552K, reserved 1056768K
  class space    used 594K, capacity 616K, committed 640K, reserved 1048576K
Event: 7.842 GC heap after
Heap after GC invocations=17 (full 2):
 PSYoungGen      total 272384K, used 61947K [0x00000000eab00000, 0x0000000100000000, 0x0000000100000000)
  eden space 205312K, 0% used [0x00000000eab00000,0x00000000eab00000,0x00000000f7380000)
  from space 67072K, 92% used [0x00000000f7380000,0x00000000faffed18,0x00000000fb500000)
  to   space 75264K, 0% used [0x00000000fb680000,0x00000000fb680000,0x0000000100000000)
 ParOldGen       total 306176K, used 206823K [0x00000000c0000000, 0x00000000d2b00000, 0x00000000eab00000)
  object space 306176K, 67% used [0x00000000c0000000,0x00000000cc9f9c60,0x00000000d2b00000)
 Metaspace       used 6531K, capacity 7280K, committed 7552K, reserved 1056768K
  class space    used 594K, capacity 616K, committed 640K, reserved 1048576K
}
Event: 8.218 GC heap before
{Heap before GC invocations=18 (full 2):
 PSYoungGen      total 272384K, used 267259K [0x00000000eab00000, 0x0000000100000000, 0x0000000100000000)
  eden space 205312K, 100% used [0x00000000eab00000,0x00000000f7380000,0x00000000f7380000)
  from space 67072K, 92% used [0x00000000f7380000,0x00000000faffed18,0x00000000fb500000)
  to   space 75264K, 0% used [0x00000000fb680000,0x00000000fb680000,0x0000000100000000)
 ParOldGen       total 306176K, used 206823K [0x00000000c0000000, 0x00000000d2b00000, 0x00000000eab00000)
  object space 306176K, 67% used [0x00000000c0000000,0x00000000cc9f9c60,0x00000000d2b00000)
 Metaspace       used 6535K, capacity 7280K, committed 7552K, reserved 1056768K
  class space    used 594K, capacity 616K, committed 640K, reserved 1048576K
Event: 8.324 GC heap after
Heap after GC invocations=18 (full 2):
 PSYoungGen      total 236032K, used 75252K [0x00000000eab00000, 0x0000000100000000, 0x0000000100000000)
  eden space 160768K, 0% used [0x00000000eab00000,0x00000000eab00000,0x00000000f4800000)
  from space 75264K, 99% used [0x00000000fb680000,0x00000000ffffd378,0x0000000100000000)
  to   space 94208K, 0% used [0x00000000f4800000,0x00000000f4800000,0x00000000fa400000)
 ParOldGen       total 306176K, used 225447K [0x00000000c0000000, 0x00000000d2b00000, 0x00000000eab00000)
  object space 306176K, 73% used [0x00000000c0000000,0x00000000cdc29c28,0x00000000d2b00000)
 Metaspace       used 6535K, capacity 7280K, committed 7552K, reserved 1056768K
  class space    used 594K, capacity 616K, committed 640K, reserved 1048576K
}
Event: 8.572 GC heap before
{Heap before GC invocations=19 (full 2):
 PSYoungGen      total 236032K, used 236020K [0x00000000eab00000, 0x0000000100000000, 0x0000000100000000)
  eden space 160768K, 100% used [0x00000000eab00000,0x00000000f4800000,0x00000000f4800000)
  from space 75264K, 99% used [0x00000000fb680000,0x00000000ffffd378,0x0000000100000000)
  to   space 94208K, 0% used [0x00000000f4800000,0x00000000f4800000,0x00000000fa400000)
 ParOldGen       total 306176K, used 225447K [0x00000000c0000000, 0x00000000d2b00000, 0x00000000eab00000)
  object space 306176K, 73% used [0x00000000c0000000,0x00000000cdc29c28,0x00000000d2b00000)
 Metaspace       used 6535K, capacity 7280K, committed 7552K, reserved 1056768K
  class space    used 594K, capacity 616K, committed 640K, reserved 1048576K
Event: 8.672 GC heap after
Heap after GC invocations=19 (full 2):
 PSYoungGen      total 254976K, used 47205K [0x00000000eab00000, 0x0000000100000000, 0x0000000100000000)
  eden space 160768K, 0% used [0x00000000eab00000,0x00000000eab00000,0x00000000f4800000)
  from space 94208K, 50% used [0x00000000f4800000,0x00000000f76197f8,0x00000000fa400000)
  to   space 91648K, 0% used [0x00000000fa680000,0x00000000fa680000,0x0000000100000000)
 ParOldGen       total 306176K, used 272787K [0x00000000c0000000, 0x00000000d2b00000, 0x00000000eab00000)
  object space 306176K, 89% used [0x00000000c0000000,0x00000000d0a64de8,0x00000000d2b00000)
 Metaspace       used 6535K, capacity 7280K, committed 7552K, reserved 1056768K
  class space    used 594K, capacity 616K, committed 640K, reserved 1048576K
}
Event: 8.672 GC heap before
{Heap before GC invocations=20 (full 3):
 PSYoungGen      total 254976K, used 47205K [0x00000000eab00000, 0x0000000100000000, 0x0000000100000000)
  eden space 160768K, 0% used [0x00000000eab00000,0x00000000eab00000,0x00000000f4800000)
  from space 94208K, 50% used [0x00000000f4800000,0x00000000f76197f8,0x00000000fa400000)
  to   space 91648K, 0% used [0x00000000fa680000,0x00000000fa680000,0x0000000100000000)
 ParOldGen       total 306176K, used 272787K [0x00000000c0000000, 0x00000000d2b00000, 0x00000000eab00000)
  object space 306176K, 89% used [0x00000000c0000000,0x00000000d0a64de8,0x00000000d2b00000)
 Metaspace       used 6535K, capacity 7280K, committed 7552K, reserved 1056768K
  class space    used 594K, capacity 616K, committed 640K, reserved 1048576K

