# JRE version: OpenJDK Runtime Environment (8.0_76-b01) (build 1.8.0_76-release-b01)
# Java VM: OpenJDK 64-Bit Server VM (25.76-b01 mixed mode linux-amd64 compressed oops)
Heap:
 PSYoungGen      total 232960K, used 19572K [0x00000000eab00000, 0x0000000100000000, 0x0000000100000000)
  eden space 116736K, 0% used [0x00000000eab00000,0x00000000eab00000,0x00000000f1d00000)
  from space 116224K, 16% used [0x00000000f1d00000,0x00000000f301d1e8,0x00000000f8e80000)
  to   space 116224K, 0% used [0x00000000f8e80000,0x00000000f8e80000,0x0000000100000000)
 ParOldGen       total 279040K, used 278762K [0x00000000c0000000, 0x00000000d1080000, 0x00000000eab00000)
  object space 279040K, 99% used [0x00000000c0000000,0x00000000d103a948,0x00000000d1080000)
 Metaspace       used 6531K, capacity 7280K, committed 7552K, reserved 1056768K
  class space    used 594K, capacity 616K, committed 640K, reserved 1048576K
GC Heap History (10 events):
Event: 5.971 GC heap after
Heap after GC invocations=13 (full 2):
 PSYoungGen      total 266240K, used 33949K [0x00000000eab00000, 0x0000000100000000, 0x0000000100000000)
  eden space 183296K, 0% used [0x00000000eab00000,0x00000000eab00000,0x00000000f5e00000)
  from space 82944K, 40% used [0x00000000f5e00000,0x00000000f7f27420,0x00000000faf00000)
  to   space 78848K, 0% used [0x00000000fb300000,0x00000000fb300000,0x0000000100000000)
 ParOldGen       total 279040K, used 167654K [0x00000000c0000000, 0x00000000d1080000, 0x00000000eab00000)
  object space 279040K, 60% used [0x00000000c0000000,0x00000000ca3b9ac0,0x00000000d1080000)
 Metaspace       used 6506K, capacity 7280K, committed 7552K, reserved 1056768K
  class space    used 593K, capacity 616K, committed 640K, reserved 1048576K
}
Event: 6.229 GC heap before
{Heap before GC invocations=14 (full 2):
 PSYoungGen      total 266240K, used 217245K [0x00000000eab00000, 0x0000000100000000, 0x0000000100000000)
  eden space 183296K, 100% used [0x00000000eab00000,0x00000000f5e00000,0x00000000f5e00000)
  from space 82944K, 40% used [0x00000000f5e00000,0x00000000f7f27420,0x00000000faf00000)
  to   space 78848K, 0% used [0x00000000fb300000,0x00000000fb300000,0x0000000100000000)
 ParOldGen       total 279040K, used 167654K [0x00000000c0000000, 0x00000000d1080000, 0x00000000eab00000)
  object space 279040K, 60% used [0x00000000c0000000,0x00000000ca3b9ac0,0x00000000d1080000)
 Metaspace       used 6507K, capacity 7280K, committed 7552K, reserved 1056768K
  class space    used 593K, capacity 616K, committed 640K, reserved 1048576K
Event: 6.268 GC heap after
Heap after GC invocations=14 (full 2):
 PSYoungGen      total 258048K, used 60169K [0x00000000eab00000, 0x0000000100000000, 0x0000000100000000)
  eden space 179200K, 0% used [0x00000000eab00000,0x00000000eab00000,0x00000000f5a00000)
  from space 78848K, 76% used [0x00000000fb300000,0x00000000fedc2790,0x0000000100000000)
  to   space 84992K, 0% used [0x00000000f5a00000,0x00000000f5a00000,0x00000000fad00000)
 ParOldGen       total 279040K, used 167654K [0x00000000c0000000, 0x00000000d1080000, 0x00000000eab00000)
  object space 279040K, 60% used [0x00000000c0000000,0x00000000ca3b9ac0,0x00000000d1080000)
 Metaspace       used 6507K, capacity 7280K, committed 7552K, reserved 1056768K
  class space    used 593K, capacity 616K, committed 640K, reserved 1048576K
}
Event: 7.133 GC heap before
{Heap before GC invocations=15 (full 2):
 PSYoungGen      total 258048K, used 239369K [0x00000000eab00000, 0x0000000100000000, 0x0000000100000000)
  eden space 179200K, 100% used [0x00000000eab00000,0x00000000f5a00000,0x00000000f5a00000)
  from space 78848K, 76% used [0x00000000fb300000,0x00000000fedc2790,0x0000000100000000)
  to   space 84992K, 0% used [0x00000000f5a00000,0x00000000f5a00000,0x00000000fad00000)
 ParOldGen       total 279040K, used 167654K [0x00000000c0000000, 0x00000000d1080000, 0x00000000eab00000)
  object space 279040K, 60% used [0x00000000c0000000,0x00000000ca3b9ac0,0x00000000d1080000)
 Metaspace       used 6516K, capacity 7280K, committed 7552K, reserved 1056768K
  class space    used 593K, capacity 616K, committed 640K, reserved 1048576K
Event: 7.190 GC heap after
Heap after GC invocations=15 (full 2):
 PSYoungGen      total 264192K, used 84970K [0x00000000eab00000, 0x0000000100000000, 0x0000000100000000)
  eden space 179200K, 0% used [0x00000000eab00000,0x00000000eab00000,0x00000000f5a00000)
  from space 84992K, 99% used [0x00000000f5a00000,0x00000000facfaa90,0x00000000fad00000)
  to   space 84992K, 0% used [0x00000000fad00000,0x00000000fad00000,0x0000000100000000)
 ParOldGen       total 279040K, used 171332K [0x00000000c0000000, 0x00000000d1080000, 0x00000000eab00000)
  object space 279040K, 61% used [0x00000000c0000000,0x00000000ca751258,0x00000000d1080000)
 Metaspace       used 6516K, capacity 7280K, committed 7552K, reserved 1056768K
  class space    used 593K, capacity 616K, committed 640K, reserved 1048576K
}
Event: 7.518 GC heap before
{Heap before GC invocations=16 (full 2):
 PSYoungGen      total 264192K, used 264170K [0x00000000eab00000, 0x0000000100000000, 0x0000000100000000)
  eden space 179200K, 100% used [0x00000000eab00000,0x00000000f5a00000,0x00000000f5a00000)
  from space 84992K, 99% used [0x00000000f5a00000,0x00000000facfaa90,0x00000000fad00000)
  to   space 84992K, 0% used [0x00000000fad00000,0x00000000fad00000,0x0000000100000000)
 ParOldGen       total 279040K, used 171332K [0x00000000c0000000, 0x00000000d1080000, 0x00000000eab00000)
  object space 279040K, 61% used [0x00000000c0000000,0x00000000ca751258,0x00000000d1080000)
 Metaspace       used 6528K, capacity 7280K, committed 7552K, reserved 1056768K
  class space    used 593K, capacity 616K, committed 640K, reserved 1048576K
Event: 7.645 GC heap after
Heap after GC invocations=16 (full 2):
 PSYoungGen      total 201728K, used 84978K [0x00000000eab00000, 0x0000000100000000, 0x0000000100000000)
  eden space 116736K, 0% used [0x00000000eab00000,0x00000000eab00000,0x00000000f1d00000)
  from space 84992K, 99% used [0x00000000fad00000,0x00000000ffffcbf8,0x0000000100000000)
  to   space 116224K, 0% used [0x00000000f1d00000,0x00000000f1d00000,0x00000000f8e80000)
 ParOldGen       total 279040K, used 201246K [0x00000000c0000000, 0x00000000d1080000, 0x00000000eab00000)
  object space 279040K, 72% used [0x00000000c0000000,0x00000000cc487918,0x00000000d1080000)
 Metaspace       used 6528K, capacity 7280K, committed 7552K, reserved 1056768K
  class space    used 593K, capacity 616K, committed 640K, reserved 1048576K
}
Event: 8.359 GC heap before
{Heap before GC invocations=17 (full 2):
 PSYoungGen      total 201728K, used 201714K [0x00000000eab00000, 0x0000000100000000, 0x0000000100000000)
  eden space 116736K, 100% used [0x00000000eab00000,0x00000000f1d00000,0x00000000f1d00000)
  from space 84992K, 99% used [0x00000000fad00000,0x00000000ffffcbf8,0x0000000100000000)
  to   space 116224K, 0% used [0x00000000f1d00000,0x00000000f1d00000,0x00000000f8e80000)
 ParOldGen       total 279040K, used 201246K [0x00000000c0000000, 0x00000000d1080000, 0x00000000eab00000)
  object space 279040K, 72% used [0x00000000c0000000,0x00000000cc487918,0x00000000d1080000)
 Metaspace       used 6531K, capacity 7280K, committed 7552K, reserved 1056768K
  class space    used 594K, capacity 616K, committed 640K, reserved 1048576K
Event: 8.476 GC heap after
Heap after GC invocations=17 (full 2):
 PSYoungGen      total 232960K, used 61799K [0x00000000eab00000, 0x0000000100000000, 0x0000000100000000)
  eden space 116736K, 0% used [0x00000000eab00000,0x00000000eab00000,0x00000000f1d00000)
  from space 116224K, 53% used [0x00000000f1d00000,0x00000000f5959ce8,0x00000000f8e80000)
  to   space 116224K, 0% used [0x00000000f8e80000,0x00000000f8e80000,0x0000000100000000)
 ParOldGen       total 279040K, used 243586K [0x00000000c0000000, 0x00000000d1080000, 0x00000000eab00000)
  object space 279040K, 87% used [0x00000000c0000000,0x00000000cede0858,0x00000000d1080000)
 Metaspace       used 6531K, capacity 7280K, committed 7552K, reserved 1056768K
  class space    used 594K, capacity 616K, committed 640K, reserved 1048576K
}
Event: 8.476 GC heap before
{Heap before GC invocations=18 (full 3):
 PSYoungGen      total 232960K, used 61799K [0x00000000eab00000, 0x0000000100000000, 0x0000000100000000)
  eden space 116736K, 0% used [0x00000000eab00000,0x00000000eab00000,0x00000000f1d00000)
  from space 116224K, 53% used [0x00000000f1d00000,0x00000000f5959ce8,0x00000000f8e80000)
  to   space 116224K, 0% used [0x00000000f8e80000,0x00000000f8e80000,0x0000000100000000)
 ParOldGen       total 279040K, used 243586K [0x00000000c0000000, 0x00000000d1080000, 0x00000000eab00000)
  object space 279040K, 87% used [0x00000000c0000000,0x00000000cede0858,0x00000000d1080000)
 Metaspace       used 6531K, capacity 7280K, committed 7552K, reserved 1056768K
  class space    used 594K, capacity 616K, committed 640K, reserved 1048576K

